<?xml version="1.0" encoding="UTF-8"?>
<!-- Generated by org.testng.reporters.JUnitReportReporter -->
<testsuite hostname="octi107.gmalv.grupomutual.com" name="Automatizacion.Navegacion.Prueba1" tests="1" failures="0" timestamp="1 Mar 2018 22:40:10 GMT" time="4.865" errors="0">
  <testcase name="levantarPagina" time="4.865" classname="Automatizacion.Navegacion.Prueba1"/>
</testsuite> <!-- Automatizacion.Navegacion.Prueba1 -->
