<?xml version="1.0" encoding="UTF-8"?>
<!-- Generated by org.testng.reporters.JUnitReportReporter -->
<testsuite skipped="0" hostname="OCTI107.local" name="Automatizacion.Navegacion.PruebaApp" tests="1" failures="0" timestamp="12 mar 2018 06:23:51 GMT" time="2.379" errors="0">
  <testcase name="prueba1" time="2.379" classname="Automatizacion.Navegacion.PruebaApp"/>
</testsuite> <!-- Automatizacion.Navegacion.PruebaApp -->
